[14108:19908:0113/153539.584:WARNING:chrome_command_line_pref_store.cc(114)] Additional command-line proxy switches specified when --no-proxy-server was also specified.
[14108:19908:0113/153539.599:WARNING:chrome_command_line_pref_store.cc(114)] Additional command-line proxy switches specified when --no-proxy-server was also specified.
[14108:19908:0113/153539.724:WARNING:chrome_command_line_pref_store.cc(114)] Additional command-line proxy switches specified when --no-proxy-server was also specified.
[14108:19908:0113/153540.654:INFO:CONSOLE(950)] "Got platform info.  os: win", source: chrome-extension://phpjcfplfejpaodinhlolbgibdabfkhe/BS.js (950)
[14108:19908:0113/153540.655:INFO:CONSOLE(972)] "Got first tab:  [object Object]", source: chrome-extension://phpjcfplfejpaodinhlolbgibdabfkhe/BS.js (972)
[14108:19908:0113/153540.655:INFO:CONSOLE(974)] "Refreshing first tab ...", source: chrome-extension://phpjcfplfejpaodinhlolbgibdabfkhe/BS.js (974)
[14108:19908:0113/153541.896:INFO:CONSOLE(0)] "Slow network is detected. See https://www.chromestatus.com/feature/5636954674692096 for more details. Fallback font will be used while loading: https://fonts.gstatic.com/s/roboto/v20/KFOmCnqEu92Fr1Mu4mxK.woff2", source: chrome-search://local-ntp/local-ntp.html (0)
[14108:19908:0113/153544.953:INFO:CONSOLE(1561)] "INIT    === Start of processExistingTabs.  refresh: false", source: chrome-extension://phpjcfplfejpaodinhlolbgibdabfkhe/BS.js (1561)
[14108:19908:0113/153544.954:INFO:CONSOLE(1561)] "INIT    === Start of processExistingTabs.  refresh: true", source: chrome-extension://phpjcfplfejpaodinhlolbgibdabfkhe/BS.js (1561)
[14108:19908:0113/153544.958:INFO:CONSOLE(1563)] "INIT    === chrome.tabs.query result.  tabs.length: 1", source: chrome-extension://phpjcfplfejpaodinhlolbgibdabfkhe/BS.js (1563)
[14108:19908:0113/153544.958:INFO:CONSOLE(1569)] "INIT    === Got pre-exiting tab.  i:  0, tabId: 2, url: file:///C:/Users/LAURA~1.PER/AppData/Local/Temp/ProvarChromeIde6016934844241326297/provarPort=61665&idePort=53509&sessionId=9&subSessionId=2&connectionName=LP_UAT:LP_UAT&devMode=false&showEnhancedXpathEditor=true&dmwAttempt=0&dmwCloseTimeInSec=2000.html, existingTab: undefined", source: chrome-extension://phpjcfplfejpaodinhlolbgibdabfkhe/BS.js (1569)
[14108:19908:0113/153544.959:INFO:CONSOLE(1577)] "INIT    === Created connectionDetails for new tab", source: chrome-extension://phpjcfplfejpaodinhlolbgibdabfkhe/BS.js (1577)
[14108:19908:0113/153544.959:INFO:CONSOLE(1581)] "INIT    === Set focused tab.  focusedTabId: 2", source: chrome-extension://phpjcfplfejpaodinhlolbgibdabfkhe/BS.js (1581)
[14108:19908:0113/153544.959:INFO:CONSOLE(1563)] "INIT    === chrome.tabs.query result.  tabs.length: 1", source: chrome-extension://phpjcfplfejpaodinhlolbgibdabfkhe/BS.js (1563)
[14108:19908:0113/153544.959:INFO:CONSOLE(1569)] "INIT    === Got pre-exiting tab.  i:  0, tabId: 2, url: file:///C:/Users/LAURA~1.PER/AppData/Local/Temp/ProvarChromeIde6016934844241326297/provarPort=61665&idePort=53509&sessionId=9&subSessionId=2&connectionName=LP_UAT:LP_UAT&devMode=false&showEnhancedXpathEditor=true&dmwAttempt=0&dmwCloseTimeInSec=2000.html, existingTab: [object Object]", source: chrome-extension://phpjcfplfejpaodinhlolbgibdabfkhe/BS.js (1569)
[14108:19908:0113/153545.183:INFO:CONSOLE(1993)] "PROVAR CLIENT OPEN----->", source: chrome-extension://phpjcfplfejpaodinhlolbgibdabfkhe/BS.js (1993)
[14108:19908:0113/153545.184:INFO:CONSOLE(1124)] "Sending request to Provar to get strategies", source: chrome-extension://phpjcfplfejpaodinhlolbgibdabfkhe/BS.js (1124)
[14108:19908:0113/153545.216:INFO:CONSOLE(2042)] "dispatchMessage - resolving response:  [object Object]", source: chrome-extension://phpjcfplfejpaodinhlolbgibdabfkhe/BS.js (2042)
[14108:19908:0113/153545.273:INFO:CONSOLE(1738)] "IDE CLIENT OPEN----->", source: chrome-extension://phpjcfplfejpaodinhlolbgibdabfkhe/BS.js (1738)
[14108:19908:0113/153549.942:INFO:CONSOLE(1561)] "INIT    === Start of processExistingTabs.  refresh: true", source: chrome-extension://phpjcfplfejpaodinhlolbgibdabfkhe/BS.js (1561)
[14108:19908:0113/153549.943:INFO:CONSOLE(1563)] "INIT    === chrome.tabs.query result.  tabs.length: 1", source: chrome-extension://phpjcfplfejpaodinhlolbgibdabfkhe/BS.js (1563)
[14108:19908:0113/153549.944:INFO:CONSOLE(1569)] "INIT    === Got pre-exiting tab.  i:  0, tabId: 2, url: file:///C:/Users/LAURA~1.PER/AppData/Local/Temp/ProvarChromeIde6016934844241326297/provarPort=61665&idePort=53509&sessionId=9&subSessionId=2&connectionName=LP_UAT:LP_UAT&devMode=false&showEnhancedXpathEditor=true&dmwAttempt=0&dmwCloseTimeInSec=2000.html, existingTab: [object Object]", source: chrome-extension://phpjcfplfejpaodinhlolbgibdabfkhe/BS.js (1569)
[14108:19908:0113/153550.451:INFO:CONSOLE(0)] "A cookie associated with a cross-site resource at http://test.salesforce.com/ was set without the `SameSite` attribute. A future release of Chrome will only deliver cookies with cross-site requests if they are set with `SameSite=None` and `Secure`. You can review cookies in developer tools under Application>Storage>Cookies and see more details at https://www.chromestatus.com/feature/5088147346030592 and https://www.chromestatus.com/feature/5633521622188032.", source: about:blank (0)
[14108:19908:0113/153550.451:INFO:CONSOLE(0)] "A cookie associated with a cross-site resource at http://cs44.salesforce.com/ was set without the `SameSite` attribute. A future release of Chrome will only deliver cookies with cross-site requests if they are set with `SameSite=None` and `Secure`. You can review cookies in developer tools under Application>Storage>Cookies and see more details at https://www.chromestatus.com/feature/5088147346030592 and https://www.chromestatus.com/feature/5633521622188032.", source: about:blank (0)
[14108:19908:0113/153550.451:INFO:CONSOLE(0)] "A cookie associated with a cross-site resource at http://cs47.salesforce.com/ was set without the `SameSite` attribute. A future release of Chrome will only deliver cookies with cross-site requests if they are set with `SameSite=None` and `Secure`. You can review cookies in developer tools under Application>Storage>Cookies and see more details at https://www.chromestatus.com/feature/5088147346030592 and https://www.chromestatus.com/feature/5633521622188032.", source: about:blank (0)
[14108:19908:0113/153550.451:INFO:CONSOLE(0)] "A cookie associated with a cross-site resource at http://c.salesforce.com/ was set without the `SameSite` attribute. A future release of Chrome will only deliver cookies with cross-site requests if they are set with `SameSite=None` and `Secure`. You can review cookies in developer tools under Application>Storage>Cookies and see more details at https://www.chromestatus.com/feature/5088147346030592 and https://www.chromestatus.com/feature/5633521622188032.", source: about:blank (0)
[14108:19908:0113/153550.452:INFO:CONSOLE(0)] "A cookie associated with a cross-site resource at http://salesforce.com/ was set without the `SameSite` attribute. A future release of Chrome will only deliver cookies with cross-site requests if they are set with `SameSite=None` and `Secure`. You can review cookies in developer tools under Application>Storage>Cookies and see more details at https://www.chromestatus.com/feature/5088147346030592 and https://www.chromestatus.com/feature/5633521622188032.", source: about:blank (0)
[14108:19908:0113/153550.452:INFO:CONSOLE(0)] "A cookie associated with a cross-site resource at http://aacr--uat.my.salesforce.com/ was set without the `SameSite` attribute. A future release of Chrome will only deliver cookies with cross-site requests if they are set with `SameSite=None` and `Secure`. You can review cookies in developer tools under Application>Storage>Cookies and see more details at https://www.chromestatus.com/feature/5088147346030592 and https://www.chromestatus.com/feature/5633521622188032.", source: about:blank (0)
[14108:19908:0113/153550.452:INFO:CONSOLE(0)] "A cookie associated with a cross-site resource at https://aacr--uat.my.salesforce.com/ was set without the `SameSite` attribute. A future release of Chrome will only deliver cookies with cross-site requests if they are set with `SameSite=None` and `Secure`. You can review cookies in developer tools under Application>Storage>Cookies and see more details at https://www.chromestatus.com/feature/5088147346030592 and https://www.chromestatus.com/feature/5633521622188032.", source: about:blank (0)
[14108:19908:0113/153551.854:INFO:CONSOLE(0)] "A cookie associated with a cross-site resource at http://cs44.salesforce.com/ was set without the `SameSite` attribute. A future release of Chrome will only deliver cookies with cross-site requests if they are set with `SameSite=None` and `Secure`. You can review cookies in developer tools under Application>Storage>Cookies and see more details at https://www.chromestatus.com/feature/5088147346030592 and https://www.chromestatus.com/feature/5633521622188032.", source: https://aacr--uat--c.cs47.content.force.com/secur/contentDoor?startURL=https%3A%2F%2Faacr--UAT.my.salesforce.com%2Fone%2Fone.app&sid=00D2a000000DRYN%21AQgAQApDl21u.wYeGs9uOOVSXbdOKHgjiCiWPy3KLrf8LHjA5yAUNaFXf81lL9d7w_nrgz8Ni.9FiiD8Des_G_bBa.orI7u3&skipRedirect=1&lm=eyJlbmMiOiJBMjU2R0NNIiwiYXVkIjoiMDBEMmEwMDAwMDBEUllOIiwia2lkIjoie1widFwiOlwiMDBEMmEwMDAwMDBEUllOXCIsXCJ2XCI6XCIwMkcxSTAwMDAwMGRmZFNcIixcImFcIjpcImNvbnRlbnRkb29ydXNlcnRyYW5zaWVudGtleWVuY3J5cHRcIixcInVcIjpcIjAwNTFJMDAwMDA0Y3NEY1wifSIsImNyaXQiOlsiaWF0Il0sImlhdCI6MTU3ODk0Nzc4ODU4NCwiZXhwIjowfQ%3D%3D..Qn-xTwYwDQuyWaSw.dn3UdWzZNhpMsAN8WmOGNQ%3D%3D.8GIf3FY9is99gjPAiayamQ%3D%3D (0)
[14108:19908:0113/153551.854:INFO:CONSOLE(0)] "A cookie associated with a cross-site resource at http://cs47.salesforce.com/ was set without the `SameSite` attribute. A future release of Chrome will only deliver cookies with cross-site requests if they are set with `SameSite=None` and `Secure`. You can review cookies in developer tools under Application>Storage>Cookies and see more details at https://www.chromestatus.com/feature/5088147346030592 and https://www.chromestatus.com/feature/5633521622188032.", source: https://aacr--uat--c.cs47.content.force.com/secur/contentDoor?startURL=https%3A%2F%2Faacr--UAT.my.salesforce.com%2Fone%2Fone.app&sid=00D2a000000DRYN%21AQgAQApDl21u.wYeGs9uOOVSXbdOKHgjiCiWPy3KLrf8LHjA5yAUNaFXf81lL9d7w_nrgz8Ni.9FiiD8Des_G_bBa.orI7u3&skipRedirect=1&lm=eyJlbmMiOiJBMjU2R0NNIiwiYXVkIjoiMDBEMmEwMDAwMDBEUllOIiwia2lkIjoie1widFwiOlwiMDBEMmEwMDAwMDBEUllOXCIsXCJ2XCI6XCIwMkcxSTAwMDAwMGRmZFNcIixcImFcIjpcImNvbnRlbnRkb29ydXNlcnRyYW5zaWVudGtleWVuY3J5cHRcIixcInVcIjpcIjAwNTFJMDAwMDA0Y3NEY1wifSIsImNyaXQiOlsiaWF0Il0sImlhdCI6MTU3ODk0Nzc4ODU4NCwiZXhwIjowfQ%3D%3D..Qn-xTwYwDQuyWaSw.dn3UdWzZNhpMsAN8WmOGNQ%3D%3D.8GIf3FY9is99gjPAiayamQ%3D%3D (0)
[14108:19908:0113/153551.855:INFO:CONSOLE(0)] "A cookie associated with a cross-site resource at http://c.salesforce.com/ was set without the `SameSite` attribute. A future release of Chrome will only deliver cookies with cross-site requests if they are set with `SameSite=None` and `Secure`. You can review cookies in developer tools under Application>Storage>Cookies and see more details at https://www.chromestatus.com/feature/5088147346030592 and https://www.chromestatus.com/feature/5633521622188032.", source: https://aacr--uat--c.cs47.content.force.com/secur/contentDoor?startURL=https%3A%2F%2Faacr--UAT.my.salesforce.com%2Fone%2Fone.app&sid=00D2a000000DRYN%21AQgAQApDl21u.wYeGs9uOOVSXbdOKHgjiCiWPy3KLrf8LHjA5yAUNaFXf81lL9d7w_nrgz8Ni.9FiiD8Des_G_bBa.orI7u3&skipRedirect=1&lm=eyJlbmMiOiJBMjU2R0NNIiwiYXVkIjoiMDBEMmEwMDAwMDBEUllOIiwia2lkIjoie1widFwiOlwiMDBEMmEwMDAwMDBEUllOXCIsXCJ2XCI6XCIwMkcxSTAwMDAwMGRmZFNcIixcImFcIjpcImNvbnRlbnRkb29ydXNlcnRyYW5zaWVudGtleWVuY3J5cHRcIixcInVcIjpcIjAwNTFJMDAwMDA0Y3NEY1wifSIsImNyaXQiOlsiaWF0Il0sImlhdCI6MTU3ODk0Nzc4ODU4NCwiZXhwIjowfQ%3D%3D..Qn-xTwYwDQuyWaSw.dn3UdWzZNhpMsAN8WmOGNQ%3D%3D.8GIf3FY9is99gjPAiayamQ%3D%3D (0)
[14108:19908:0113/153551.855:INFO:CONSOLE(0)] "A cookie associated with a cross-site resource at http://aacr--uat.my.salesforce.com/ was set without the `SameSite` attribute. A future release of Chrome will only deliver cookies with cross-site requests if they are set with `SameSite=None` and `Secure`. You can review cookies in developer tools under Application>Storage>Cookies and see more details at https://www.chromestatus.com/feature/5088147346030592 and https://www.chromestatus.com/feature/5633521622188032.", source: https://aacr--uat--c.cs47.content.force.com/secur/contentDoor?startURL=https%3A%2F%2Faacr--UAT.my.salesforce.com%2Fone%2Fone.app&sid=00D2a000000DRYN%21AQgAQApDl21u.wYeGs9uOOVSXbdOKHgjiCiWPy3KLrf8LHjA5yAUNaFXf81lL9d7w_nrgz8Ni.9FiiD8Des_G_bBa.orI7u3&skipRedirect=1&lm=eyJlbmMiOiJBMjU2R0NNIiwiYXVkIjoiMDBEMmEwMDAwMDBEUllOIiwia2lkIjoie1widFwiOlwiMDBEMmEwMDAwMDBEUllOXCIsXCJ2XCI6XCIwMkcxSTAwMDAwMGRmZFNcIixcImFcIjpcImNvbnRlbnRkb29ydXNlcnRyYW5zaWVudGtleWVuY3J5cHRcIixcInVcIjpcIjAwNTFJMDAwMDA0Y3NEY1wifSIsImNyaXQiOlsiaWF0Il0sImlhdCI6MTU3ODk0Nzc4ODU4NCwiZXhwIjowfQ%3D%3D..Qn-xTwYwDQuyWaSw.dn3UdWzZNhpMsAN8WmOGNQ%3D%3D.8GIf3FY9is99gjPAiayamQ%3D%3D (0)
[14108:19908:0113/153551.858:INFO:CONSOLE(0)] "A cookie associated with a cross-site resource at https://aacr--uat.my.salesforce.com/ was set without the `SameSite` attribute. A future release of Chrome will only deliver cookies with cross-site requests if they are set with `SameSite=None` and `Secure`. You can review cookies in developer tools under Application>Storage>Cookies and see more details at https://www.chromestatus.com/feature/5088147346030592 and https://www.chromestatus.com/feature/5633521622188032.", source: https://aacr--uat--c.cs47.content.force.com/secur/contentDoor?startURL=https%3A%2F%2Faacr--UAT.my.salesforce.com%2Fone%2Fone.app&sid=00D2a000000DRYN%21AQgAQApDl21u.wYeGs9uOOVSXbdOKHgjiCiWPy3KLrf8LHjA5yAUNaFXf81lL9d7w_nrgz8Ni.9FiiD8Des_G_bBa.orI7u3&skipRedirect=1&lm=eyJlbmMiOiJBMjU2R0NNIiwiYXVkIjoiMDBEMmEwMDAwMDBEUllOIiwia2lkIjoie1widFwiOlwiMDBEMmEwMDAwMDBEUllOXCIsXCJ2XCI6XCIwMkcxSTAwMDAwMGRmZFNcIixcImFcIjpcImNvbnRlbnRkb29ydXNlcnRyYW5zaWVudGtleWVuY3J5cHRcIixcInVcIjpcIjAwNTFJMDAwMDA0Y3NEY1wifSIsImNyaXQiOlsiaWF0Il0sImlhdCI6MTU3ODk0Nzc4ODU4NCwiZXhwIjowfQ%3D%3D..Qn-xTwYwDQuyWaSw.dn3UdWzZNhpMsAN8WmOGNQ%3D%3D.8GIf3FY9is99gjPAiayamQ%3D%3D (0)
[14108:19908:0113/153551.859:INFO:CONSOLE(0)] "A cookie associated with a cross-site resource at http://test.salesforce.com/ was set without the `SameSite` attribute. A future release of Chrome will only deliver cookies with cross-site requests if they are set with `SameSite=None` and `Secure`. You can review cookies in developer tools under Application>Storage>Cookies and see more details at https://www.chromestatus.com/feature/5088147346030592 and https://www.chromestatus.com/feature/5633521622188032.", source: https://aacr--uat--c.cs47.content.force.com/secur/contentDoor?startURL=https%3A%2F%2Faacr--UAT.my.salesforce.com%2Fone%2Fone.app&sid=00D2a000000DRYN%21AQgAQApDl21u.wYeGs9uOOVSXbdOKHgjiCiWPy3KLrf8LHjA5yAUNaFXf81lL9d7w_nrgz8Ni.9FiiD8Des_G_bBa.orI7u3&skipRedirect=1&lm=eyJlbmMiOiJBMjU2R0NNIiwiYXVkIjoiMDBEMmEwMDAwMDBEUllOIiwia2lkIjoie1widFwiOlwiMDBEMmEwMDAwMDBEUllOXCIsXCJ2XCI6XCIwMkcxSTAwMDAwMGRmZFNcIixcImFcIjpcImNvbnRlbnRkb29ydXNlcnRyYW5zaWVudGtleWVuY3J5cHRcIixcInVcIjpcIjAwNTFJMDAwMDA0Y3NEY1wifSIsImNyaXQiOlsiaWF0Il0sImlhdCI6MTU3ODk0Nzc4ODU4NCwiZXhwIjowfQ%3D%3D..Qn-xTwYwDQuyWaSw.dn3UdWzZNhpMsAN8WmOGNQ%3D%3D.8GIf3FY9is99gjPAiayamQ%3D%3D (0)
[14108:19908:0113/153551.860:INFO:CONSOLE(0)] "A cookie associated with a cross-site resource at http://salesforce.com/ was set without the `SameSite` attribute. A future release of Chrome will only deliver cookies with cross-site requests if they are set with `SameSite=None` and `Secure`. You can review cookies in developer tools under Application>Storage>Cookies and see more details at https://www.chromestatus.com/feature/5088147346030592 and https://www.chromestatus.com/feature/5633521622188032.", source: https://aacr--uat--c.cs47.content.force.com/secur/contentDoor?startURL=https%3A%2F%2Faacr--UAT.my.salesforce.com%2Fone%2Fone.app&sid=00D2a000000DRYN%21AQgAQApDl21u.wYeGs9uOOVSXbdOKHgjiCiWPy3KLrf8LHjA5yAUNaFXf81lL9d7w_nrgz8Ni.9FiiD8Des_G_bBa.orI7u3&skipRedirect=1&lm=eyJlbmMiOiJBMjU2R0NNIiwiYXVkIjoiMDBEMmEwMDAwMDBEUllOIiwia2lkIjoie1widFwiOlwiMDBEMmEwMDAwMDBEUllOXCIsXCJ2XCI6XCIwMkcxSTAwMDAwMGRmZFNcIixcImFcIjpcImNvbnRlbnRkb29ydXNlcnRyYW5zaWVudGtleWVuY3J5cHRcIixcInVcIjpcIjAwNTFJMDAwMDA0Y3NEY1wifSIsImNyaXQiOlsiaWF0Il0sImlhdCI6MTU3ODk0Nzc4ODU4NCwiZXhwIjowfQ%3D%3D..Qn-xTwYwDQuyWaSw.dn3UdWzZNhpMsAN8WmOGNQ%3D%3D.8GIf3FY9is99gjPAiayamQ%3D%3D (0)
[14108:19908:0113/153557.689:INFO:CONSOLE(38)] "[object Object]", source: https://aacr--uat.lightning.force.com/libraries/instrumentation/beaconLib/BeaconLibrary.js (38)
[14108:19908:0113/153606.954:INFO:CONSOLE(38)] "[object Object]", source: https://aacr--uat.lightning.force.com/libraries/instrumentation/beaconLib/BeaconLibrary.js (38)
[14108:19908:0113/153714.572:INFO:CONSOLE(38)] "[object Object]", source: https://aacr--uat.lightning.force.com/libraries/instrumentation/beaconLib/BeaconLibrary.js (38)
[14108:19908:0113/153718.065:INFO:CONSOLE(19)] "conData:Absolute Ava
Alliterative Adjectives
absoluteava@sharklasers.com", source: https://aacr--uat.lightning.force.com/lightning/r/Contact/0032a00000iFGNaAAO/components/c/CopyContactToClipboard.js (19)
[14108:19908:0113/153718.620:INFO:CONSOLE(92)] "[object Object]", source: https://aacr--uat.lightning.force.com/lightning/r/Contact/0032a00000iFGNaAAO/components/c/ContactDirectoryBadgeAccess.js (92)
[14108:19908:0113/153720.279:INFO:CONSOLE(38)] "[object Object]", source: https://aacr--uat.lightning.force.com/libraries/instrumentation/beaconLib/BeaconLibrary.js (38)
[14108:19908:0113/153722.658:INFO:CONSOLE(41)] "processing ROERenew with contactId:  0032a00000iFGNaAAO", source: https://aacr--uat.lightning.force.com/lightning/r/Contact/0032a00000iFGNaAAO/components/c/ROERenew.js (41)
[14108:19908:0113/153725.574:INFO:CONSOLE(51)] "data:  [object Object]", source: https://aacr--uat.lightning.force.com/lightning/r/Contact/0032a00000iFGNaAAO/components/c/ROERenew.js (51)
[14108:19908:0113/153725.967:INFO:CONSOLE(11)] "progressBar doInit", source: https://aacr--uat.lightning.force.com/lightning/cmp/components/c/JP_ProgressBar.js (11)
[14108:19908:0113/153726.169:INFO:CONSOLE(11)] "checking nav button visibility...", source: https://aacr--uat.lightning.force.com/lightning/cmp/components/c/JP_NavButtons.js (11)
[14108:19908:0113/153726.449:INFO:CONSOLE(2)] "<lightning-spinner> The alternativeText attribute should not be empty. Please add a description of what is causing the wait.", source: https://aacr--uat.lightning.force.com/components/lightning/spinner.js (2)
[14108:19908:0113/153726.716:INFO:CONSOLE(38)] "[object Object]", source: https://aacr--uat.lightning.force.com/libraries/instrumentation/beaconLib/BeaconLibrary.js (38)
[14108:19908:0113/153729.687:INFO:CONSOLE(31)] "subPlans: ", source: https://aacr--uat.lightning.force.com/lightning/cmp/components/c/BackOfficeOrder.js (31)
[14108:19908:0113/153729.689:INFO:CONSOLE(43)] "selectedTerm: null", source: https://aacr--uat.lightning.force.com/lightning/cmp/components/c/BackOfficeOrder.js (43)
[14108:19908:0113/153740.708:INFO:CONSOLE(11)] "checking nav button visibility...", source: https://aacr--uat.lightning.force.com/lightning/cmp/components/c/JP_NavButtons.js (11)
[14108:19908:0113/153741.314:INFO:CONSOLE(222)] "initializing payment cmp: a1F2a000000y4KzEAI", source: https://aacr--uat.lightning.force.com/lightning/cmp/components/c/BackOfficeCheckout.js (222)
[14108:19908:0113/153746.148:INFO:CONSOLE(0)] "A cookie associated with a cross-site resource at http://test.salesforce.com/ was set without the `SameSite` attribute. A future release of Chrome will only deliver cookies with cross-site requests if they are set with `SameSite=None` and `Secure`. You can review cookies in developer tools under Application>Storage>Cookies and see more details at https://www.chromestatus.com/feature/5088147346030592 and https://www.chromestatus.com/feature/5633521622188032.", source: https://aacr--uat.lightning.force.com/lightning/cmp/c__BAMContainer?c__id=m0U2a000000008oEAA&c__salesOrder=a1F2a000000y4KzEAI&c__isRenew=true (0)
[14108:19908:0113/153746.148:INFO:CONSOLE(0)] "A cookie associated with a cross-site resource at http://cs44.salesforce.com/ was set without the `SameSite` attribute. A future release of Chrome will only deliver cookies with cross-site requests if they are set with `SameSite=None` and `Secure`. You can review cookies in developer tools under Application>Storage>Cookies and see more details at https://www.chromestatus.com/feature/5088147346030592 and https://www.chromestatus.com/feature/5633521622188032.", source: https://aacr--uat.lightning.force.com/lightning/cmp/c__BAMContainer?c__id=m0U2a000000008oEAA&c__salesOrder=a1F2a000000y4KzEAI&c__isRenew=true (0)
[14108:19908:0113/153746.148:INFO:CONSOLE(0)] "A cookie associated with a cross-site resource at http://cs47.salesforce.com/ was set without the `SameSite` attribute. A future release of Chrome will only deliver cookies with cross-site requests if they are set with `SameSite=None` and `Secure`. You can review cookies in developer tools under Application>Storage>Cookies and see more details at https://www.chromestatus.com/feature/5088147346030592 and https://www.chromestatus.com/feature/5633521622188032.", source: https://aacr--uat.lightning.force.com/lightning/cmp/c__BAMContainer?c__id=m0U2a000000008oEAA&c__salesOrder=a1F2a000000y4KzEAI&c__isRenew=true (0)
[14108:19908:0113/153746.148:INFO:CONSOLE(0)] "A cookie associated with a cross-site resource at http://c.salesforce.com/ was set without the `SameSite` attribute. A future release of Chrome will only deliver cookies with cross-site requests if they are set with `SameSite=None` and `Secure`. You can review cookies in developer tools under Application>Storage>Cookies and see more details at https://www.chromestatus.com/feature/5088147346030592 and https://www.chromestatus.com/feature/5633521622188032.", source: https://aacr--uat.lightning.force.com/lightning/cmp/c__BAMContainer?c__id=m0U2a000000008oEAA&c__salesOrder=a1F2a000000y4KzEAI&c__isRenew=true (0)
[14108:19908:0113/153746.148:INFO:CONSOLE(0)] "A cookie associated with a cross-site resource at http://salesforce.com/ was set without the `SameSite` attribute. A future release of Chrome will only deliver cookies with cross-site requests if they are set with `SameSite=None` and `Secure`. You can review cookies in developer tools under Application>Storage>Cookies and see more details at https://www.chromestatus.com/feature/5088147346030592 and https://www.chromestatus.com/feature/5633521622188032.", source: https://aacr--uat.lightning.force.com/lightning/cmp/c__BAMContainer?c__id=m0U2a000000008oEAA&c__salesOrder=a1F2a000000y4KzEAI&c__isRenew=true (0)
[14108:19908:0113/153746.149:INFO:CONSOLE(0)] "A cookie associated with a cross-site resource at http://aacr--uat.my.salesforce.com/ was set without the `SameSite` attribute. A future release of Chrome will only deliver cookies with cross-site requests if they are set with `SameSite=None` and `Secure`. You can review cookies in developer tools under Application>Storage>Cookies and see more details at https://www.chromestatus.com/feature/5088147346030592 and https://www.chromestatus.com/feature/5633521622188032.", source: https://aacr--uat.lightning.force.com/lightning/cmp/c__BAMContainer?c__id=m0U2a000000008oEAA&c__salesOrder=a1F2a000000y4KzEAI&c__isRenew=true (0)
[14108:19908:0113/153746.149:INFO:CONSOLE(0)] "A cookie associated with a cross-site resource at https://aacr--uat.my.salesforce.com/ was set without the `SameSite` attribute. A future release of Chrome will only deliver cookies with cross-site requests if they are set with `SameSite=None` and `Secure`. You can review cookies in developer tools under Application>Storage>Cookies and see more details at https://www.chromestatus.com/feature/5088147346030592 and https://www.chromestatus.com/feature/5633521622188032.", source: https://aacr--uat.lightning.force.com/lightning/cmp/c__BAMContainer?c__id=m0U2a000000008oEAA&c__salesOrder=a1F2a000000y4KzEAI&c__isRenew=true (0)
[14108:19908:0113/153747.580:INFO:CONSOLE(38)] "[object Object]", source: https://aacr--uat.lightning.force.com/libraries/instrumentation/beaconLib/BeaconLibrary.js (38)
[14108:19908:0113/153747.988:INFO:CONSOLE(0)] "Access to font at 'https://aacr--uat.my.salesforce.com/visualforce/session?url=https%3A%2F%2Faacr--uat--framework.cs47.visual.force.com%2Fresource%2F1538665058000%2Fframework__SLDS_BaseV2%2Ffonts%2Fwebfonts%2FSalesforceSans-Regular.woff2' (redirected from 'https://aacr--uat--framework.cs47.visual.force.com/resource/1538665058000/framework__SLDS_BaseV2/fonts/webfonts/SalesforceSans-Regular.woff2') from origin 'null' has been blocked by CORS policy: No 'Access-Control-Allow-Origin' header is present on the requested resource.", source: https://aacr--uat--orderapi.cs47.visual.force.com/apex/CreditCardPaymentFrame?identifier=GkDxwzkHGU&requireCVV=true&cpBasePortal=false&textColor=undefined&asPayment=true&environmentKey=5qioLVp7qJfaCzf1VB5GuFtplXG (0)
[14108:19908:0113/153748.191:INFO:CONSOLE(0)] "Access to font at 'https://aacr--uat.my.salesforce.com/visualforce/session?url=https%3A%2F%2Faacr--uat--framework.cs47.visual.force.com%2Fresource%2F1538665058000%2Fframework__SLDS_BaseV2%2Ffonts%2Fwebfonts%2FSalesforceSans-Regular.woff' (redirected from 'https://aacr--uat--framework.cs47.visual.force.com/resource/1538665058000/framework__SLDS_BaseV2/fonts/webfonts/SalesforceSans-Regular.woff') from origin 'null' has been blocked by CORS policy: No 'Access-Control-Allow-Origin' header is present on the requested resource.", source: https://aacr--uat--orderapi.cs47.visual.force.com/apex/CreditCardPaymentFrame?identifier=GkDxwzkHGU&requireCVV=true&cpBasePortal=false&textColor=undefined&asPayment=true&environmentKey=5qioLVp7qJfaCzf1VB5GuFtplXG (0)
[14108:19908:0113/153748.373:INFO:CONSOLE(0)] "A cookie associated with a cross-site resource at http://core.spreedly.com/ was set without the `SameSite` attribute. A future release of Chrome will only deliver cookies with cross-site requests if they are set with `SameSite=None` and `Secure`. You can review cookies in developer tools under Application>Storage>Cookies and see more details at https://www.chromestatus.com/feature/5088147346030592 and https://www.chromestatus.com/feature/5633521622188032.", source: https://aacr--uat.lightning.force.com/lightning/cmp/c__BAMContainer?c__id=m0U2a000000008oEAA&c__salesOrder=a1F2a000000y4KzEAI&c__isRenew=true (0)
[14108:19908:0113/154028.510:INFO:CONSOLE(15)] "[object HTMLInputElement]", source:  (15)
[14108:19908:0113/154341.975:INFO:CONSOLE(66)] "progressBarClicked...", source: https://aacr--uat.lightning.force.com/lightning/cmp/components/c/JP_ProgressBar.js (66)
[14108:19908:0113/154341.985:INFO:CONSOLE(11)] "checking nav button visibility...", source: https://aacr--uat.lightning.force.com/lightning/cmp/components/c/JP_NavButtons.js (11)
[14108:19908:0113/154342.026:INFO:CONSOLE(11)] "checking nav button visibility...", source: https://aacr--uat.lightning.force.com/lightning/cmp/components/c/JP_NavButtons.js (11)
[14108:19908:0113/154342.275:INFO:CONSOLE(2)] "<lightning-spinner> The alternativeText attribute should not be empty. Please add a description of what is causing the wait.", source: https://aacr--uat.lightning.force.com/components/lightning/spinner.js (2)
[14108:19908:0113/154342.282:INFO:CONSOLE(1)] "Refused to run the JavaScript URL because it violates the following Content Security Policy directive: "script-src 'self' 'nonce-16f43a69-03dc-cfe0-de48-a0cfbf6c1e8a' chrome-extension: 'unsafe-inline' 'unsafe-eval' *.canary.lwc.dev *.cs47.visual.force.com https://ssl.gstatic.com/accessibility/". Note that 'unsafe-inline' is ignored if either a hash or nonce value is present in the source list.
", source: https://aacr--uat.lightning.force.com/lightning/cmp/c__BAMContainer?c__id=m0U2a000000008oEAA&c__salesOrder=a1F2a000000y4KzEAI&c__isRenew=true (1)
[14108:19908:0113/154345.515:INFO:CONSOLE(31)] "subPlans: ", source: https://aacr--uat.lightning.force.com/lightning/cmp/components/c/BackOfficeOrder.js (31)
[14108:19908:0113/154345.521:INFO:CONSOLE(43)] "selectedTerm: null", source: https://aacr--uat.lightning.force.com/lightning/cmp/components/c/BackOfficeOrder.js (43)
[14108:19908:0113/154412.285:INFO:CONSOLE(222)] "initializing payment cmp: a1F2a000000y4KzEAI", source: https://aacr--uat.lightning.force.com/lightning/cmp/components/c/BackOfficeCheckout.js (222)
[14108:19908:0113/154412.310:INFO:CONSOLE(11)] "checking nav button visibility...", source: https://aacr--uat.lightning.force.com/lightning/cmp/components/c/JP_NavButtons.js (11)
[14108:19908:0113/154417.861:INFO:CONSOLE(0)] "Access to font at 'https://aacr--uat.my.salesforce.com/visualforce/session?url=https%3A%2F%2Faacr--uat--framework.cs47.visual.force.com%2Fresource%2F1538665058000%2Fframework__SLDS_BaseV2%2Ffonts%2Fwebfonts%2FSalesforceSans-Regular.woff2' (redirected from 'https://aacr--uat--framework.cs47.visual.force.com/resource/1538665058000/framework__SLDS_BaseV2/fonts/webfonts/SalesforceSans-Regular.woff2') from origin 'null' has been blocked by CORS policy: No 'Access-Control-Allow-Origin' header is present on the requested resource.", source: https://aacr--uat--orderapi.cs47.visual.force.com/apex/CreditCardPaymentFrame?identifier=jENEqLKnyI&requireCVV=true&cpBasePortal=false&textColor=undefined&asPayment=true&environmentKey=5qioLVp7qJfaCzf1VB5GuFtplXG (0)
[14108:19908:0113/154417.870:INFO:CONSOLE(38)] "[object Object]", source: https://aacr--uat.lightning.force.com/libraries/instrumentation/beaconLib/BeaconLibrary.js (38)
[14108:19908:0113/154417.991:INFO:CONSOLE(0)] "Access to font at 'https://aacr--uat.my.salesforce.com/visualforce/session?url=https%3A%2F%2Faacr--uat--framework.cs47.visual.force.com%2Fresource%2F1538665058000%2Fframework__SLDS_BaseV2%2Ffonts%2Fwebfonts%2FSalesforceSans-Regular.woff' (redirected from 'https://aacr--uat--framework.cs47.visual.force.com/resource/1538665058000/framework__SLDS_BaseV2/fonts/webfonts/SalesforceSans-Regular.woff') from origin 'null' has been blocked by CORS policy: No 'Access-Control-Allow-Origin' header is present on the requested resource.", source: https://aacr--uat--orderapi.cs47.visual.force.com/apex/CreditCardPaymentFrame?identifier=jENEqLKnyI&requireCVV=true&cpBasePortal=false&textColor=undefined&asPayment=true&environmentKey=5qioLVp7qJfaCzf1VB5GuFtplXG (0)
[14108:19908:0113/154559.586:INFO:CONSOLE(15)] "[object HTMLInputElement]", source:  (15)
[14108:19908:0113/154606.252:INFO:CONSOLE(15)] "[object HTMLInputElement]", source:  (15)
[14108:19908:0113/154615.411:INFO:CONSOLE(15)] "[object HTMLInputElement]", source:  (15)
[14108:19908:0113/155154.480:INFO:CONSOLE(1266)] "getElementCSSPath", source: chrome-extension://phpjcfplfejpaodinhlolbgibdabfkhe/CS.js (1266)
[14108:19908:0113/155154.531:INFO:CONSOLE(1266)] "getElementCSSPath", source: chrome-extension://phpjcfplfejpaodinhlolbgibdabfkhe/CS.js (1266)
[14108:19908:0113/155154.550:INFO:CONSOLE(1266)] "getElementCSSPath", source: chrome-extension://phpjcfplfejpaodinhlolbgibdabfkhe/CS.js (1266)
[14108:19908:0113/155154.554:INFO:CONSOLE(1266)] "getElementCSSPath", source: chrome-extension://phpjcfplfejpaodinhlolbgibdabfkhe/CS.js (1266)
[14108:19908:0113/155154.574:INFO:CONSOLE(1855)] "dispatchMessage - resolving response: {"method":"IDE.getFocusedDomInfoArrayResponse","messageId":14,"sessionId":"9","subSessionId":"2","responseToId":28,"domInfoArray":null,"target":"Background","eventId":"ide-client-emit","tabId":2,"tab":{"active":true,"audible":false,"autoDiscardable":true,"discarded":false,"favIconUrl":"https://aacr--uat.lightning.force.com/favicon.ico","height":833,"highlighted":true,"id":2,"incognito":false,"index":0,"mutedInfo":{"muted":false},"pinned":false,"selected":true,"status":"complete","title":"Lightning Experience | Salesforce","url":"https://aacr--uat.lightning.force.com/lightning/cmp/c__BAMContainer?c__id=m0U2a000000008oEAA&c__salesOrder=a1F2a000000y4KzEAI&c__isRenew=true","width":1050,"windowId":1},"frameId":16}", source: chrome-extension://phpjcfplfejpaodinhlolbgibdabfkhe/BS.js (1855)
[14108:19908:0113/155154.618:INFO:CONSOLE(1266)] "getElementCSSPath", source: chrome-extension://phpjcfplfejpaodinhlolbgibdabfkhe/CS.js (1266)
[14108:19908:0113/155154.639:INFO:CONSOLE(1266)] "getElementCSSPath", source: chrome-extension://phpjcfplfejpaodinhlolbgibdabfkhe/CS.js (1266)
[14108:19908:0113/155154.642:INFO:CONSOLE(1266)] "getElementCSSPath", source: chrome-extension://phpjcfplfejpaodinhlolbgibdabfkhe/CS.js (1266)
[14108:19908:0113/155154.646:INFO:CONSOLE(1266)] "getElementCSSPath", source: chrome-extension://phpjcfplfejpaodinhlolbgibdabfkhe/CS.js (1266)
[14108:19908:0113/155154.647:INFO:CONSOLE(1266)] "getElementCSSPath", source: chrome-extension://phpjcfplfejpaodinhlolbgibdabfkhe/CS.js (1266)
[14108:19908:0113/155154.649:INFO:CONSOLE(1266)] "getElementCSSPath", source: chrome-extension://phpjcfplfejpaodinhlolbgibdabfkhe/CS.js (1266)
[14108:19908:0113/155154.651:INFO:CONSOLE(1266)] "getElementCSSPath", source: chrome-extension://phpjcfplfejpaodinhlolbgibdabfkhe/CS.js (1266)
[14108:19908:0113/155155.225:INFO:CONSOLE(934)] "Uncaught TypeError: Converting circular structure to JSON
    --> starting at object with constructor 'HTMLSelectElement'
    |     property 'selectize' -> object with constructor 'y'
    |     property '$input' -> object with constructor 'S.fn.init'
    --- property '0' closes the circle TypeError: Converting circular structure to JSON
    --> starting at object with constructor 'HTMLSelectElement'
    |     property 'selectize' -> object with constructor 'y'
    |     property '$input' -> object with constructor 'S.fn.init'
    --- property '0' closes the circle", source: https://aacr--uat.lightning.force.com/auraFW/javascript/_1G4ERHSnh_pXd_c4KBeiQ/aura_prod.js (934)
[14108:19908:0113/155234.839:INFO:CONSOLE(1266)] "getElementCSSPath", source: chrome-extension://phpjcfplfejpaodinhlolbgibdabfkhe/CS.js (1266)
[14108:19908:0113/155234.846:INFO:CONSOLE(1266)] "getElementCSSPath", source: chrome-extension://phpjcfplfejpaodinhlolbgibdabfkhe/CS.js (1266)
[14108:19908:0113/155234.850:INFO:CONSOLE(1266)] "getElementCSSPath", source: chrome-extension://phpjcfplfejpaodinhlolbgibdabfkhe/CS.js (1266)
[14108:19908:0113/155234.853:INFO:CONSOLE(1266)] "getElementCSSPath", source: chrome-extension://phpjcfplfejpaodinhlolbgibdabfkhe/CS.js (1266)
[14108:19908:0113/155234.861:INFO:CONSOLE(1855)] "dispatchMessage - resolving response: {"method":"IDE.getFocusedDomInfoArrayResponse","messageId":17,"sessionId":"9","subSessionId":"2","responseToId":31,"domInfoArray":null,"target":"Background","eventId":"ide-client-emit","tabId":2,"tab":{"active":true,"audible":false,"autoDiscardable":true,"discarded":false,"favIconUrl":"https://aacr--uat.lightning.force.com/favicon.ico","height":833,"highlighted":true,"id":2,"incognito":false,"index":0,"mutedInfo":{"muted":false},"pinned":false,"selected":true,"status":"complete","title":"Lightning Experience | Salesforce","url":"https://aacr--uat.lightning.force.com/lightning/cmp/c__BAMContainer?c__id=m0U2a000000008oEAA&c__salesOrder=a1F2a000000y4KzEAI&c__isRenew=true","width":1050,"windowId":1},"frameId":16}", source: chrome-extension://phpjcfplfejpaodinhlolbgibdabfkhe/BS.js (1855)
[14108:19908:0113/155234.873:INFO:CONSOLE(1266)] "getElementCSSPath", source: chrome-extension://phpjcfplfejpaodinhlolbgibdabfkhe/CS.js (1266)
[14108:19908:0113/155234.878:INFO:CONSOLE(1266)] "getElementCSSPath", source: chrome-extension://phpjcfplfejpaodinhlolbgibdabfkhe/CS.js (1266)
[14108:19908:0113/155234.882:INFO:CONSOLE(1266)] "getElementCSSPath", source: chrome-extension://phpjcfplfejpaodinhlolbgibdabfkhe/CS.js (1266)
[14108:19908:0113/155234.886:INFO:CONSOLE(1266)] "getElementCSSPath", source: chrome-extension://phpjcfplfejpaodinhlolbgibdabfkhe/CS.js (1266)
[14108:19908:0113/155234.892:INFO:CONSOLE(1266)] "getElementCSSPath", source: chrome-extension://phpjcfplfejpaodinhlolbgibdabfkhe/CS.js (1266)
[14108:19908:0113/155234.895:INFO:CONSOLE(1266)] "getElementCSSPath", source: chrome-extension://phpjcfplfejpaodinhlolbgibdabfkhe/CS.js (1266)
[14108:19908:0113/155234.900:INFO:CONSOLE(1266)] "getElementCSSPath", source: chrome-extension://phpjcfplfejpaodinhlolbgibdabfkhe/CS.js (1266)
[14108:19908:0113/155235.455:INFO:CONSOLE(934)] "Uncaught TypeError: Converting circular structure to JSON
    --> starting at object with constructor 'HTMLSelectElement'
    |     property 'selectize' -> object with constructor 'y'
    |     property '$input' -> object with constructor 'S.fn.init'
    --- property '0' closes the circle TypeError: Converting circular structure to JSON
    --> starting at object with constructor 'HTMLSelectElement'
    |     property 'selectize' -> object with constructor 'y'
    |     property '$input' -> object with constructor 'S.fn.init'
    --- property '0' closes the circle", source: https://aacr--uat.lightning.force.com/auraFW/javascript/_1G4ERHSnh_pXd_c4KBeiQ/aura_prod.js (934)
[14108:19908:0113/155255.247:INFO:CONSOLE(1738)] "IDE CLIENT OPEN----->", source: chrome-extension://phpjcfplfejpaodinhlolbgibdabfkhe/BS.js (1738)
[14108:19908:0113/155318.290:INFO:CONSOLE(1266)] "getElementCSSPath", source: chrome-extension://phpjcfplfejpaodinhlolbgibdabfkhe/CS.js (1266)
[14108:19908:0113/155318.291:INFO:CONSOLE(1266)] "getElementCSSPath", source: chrome-extension://phpjcfplfejpaodinhlolbgibdabfkhe/CS.js (1266)
[14108:19908:0113/155318.295:INFO:CONSOLE(1266)] "getElementCSSPath", source: chrome-extension://phpjcfplfejpaodinhlolbgibdabfkhe/CS.js (1266)
[14108:19908:0113/155318.300:INFO:CONSOLE(1266)] "getElementCSSPath", source: chrome-extension://phpjcfplfejpaodinhlolbgibdabfkhe/CS.js (1266)
[14108:19908:0113/155318.310:INFO:CONSOLE(1855)] "dispatchMessage - resolving response: {"method":"IDE.getFocusedDomInfoArrayResponse","messageId":28,"sessionId":"9","subSessionId":"2","responseToId":36,"domInfoArray":null,"target":"Background","eventId":"ide-client-emit","tabId":2,"tab":{"active":true,"audible":false,"autoDiscardable":true,"discarded":false,"favIconUrl":"https://aacr--uat.lightning.force.com/favicon.ico","height":833,"highlighted":true,"id":2,"incognito":false,"index":0,"mutedInfo":{"muted":false},"pinned":false,"selected":true,"status":"complete","title":"Lightning Experience | Salesforce","url":"https://aacr--uat.lightning.force.com/lightning/cmp/c__BAMContainer?c__id=m0U2a000000008oEAA&c__salesOrder=a1F2a000000y4KzEAI&c__isRenew=true","width":1050,"windowId":1},"frameId":16}", source: chrome-extension://phpjcfplfejpaodinhlolbgibdabfkhe/BS.js (1855)
[14108:19908:0113/155318.321:INFO:CONSOLE(1266)] "getElementCSSPath", source: chrome-extension://phpjcfplfejpaodinhlolbgibdabfkhe/CS.js (1266)
[14108:19908:0113/155318.324:INFO:CONSOLE(1266)] "getElementCSSPath", source: chrome-extension://phpjcfplfejpaodinhlolbgibdabfkhe/CS.js (1266)
[14108:19908:0113/155318.328:INFO:CONSOLE(1266)] "getElementCSSPath", source: chrome-extension://phpjcfplfejpaodinhlolbgibdabfkhe/CS.js (1266)
[14108:19908:0113/155318.333:INFO:CONSOLE(1266)] "getElementCSSPath", source: chrome-extension://phpjcfplfejpaodinhlolbgibdabfkhe/CS.js (1266)
[14108:19908:0113/155318.337:INFO:CONSOLE(1266)] "getElementCSSPath", source: chrome-extension://phpjcfplfejpaodinhlolbgibdabfkhe/CS.js (1266)
[14108:19908:0113/155318.342:INFO:CONSOLE(1266)] "getElementCSSPath", source: chrome-extension://phpjcfplfejpaodinhlolbgibdabfkhe/CS.js (1266)
[14108:19908:0113/155318.345:INFO:CONSOLE(1266)] "getElementCSSPath", source: chrome-extension://phpjcfplfejpaodinhlolbgibdabfkhe/CS.js (1266)
[14108:19908:0113/155319.256:INFO:CONSOLE(934)] "Uncaught TypeError: Converting circular structure to JSON
    --> starting at object with constructor 'HTMLSelectElement'
    |     property 'selectize' -> object with constructor 'y'
    |     property '$input' -> object with constructor 'S.fn.init'
    --- property '0' closes the circle TypeError: Converting circular structure to JSON
    --> starting at object with constructor 'HTMLSelectElement'
    |     property 'selectize' -> object with constructor 'y'
    |     property '$input' -> object with constructor 'S.fn.init'
    --- property '0' closes the circle", source: https://aacr--uat.lightning.force.com/auraFW/javascript/_1G4ERHSnh_pXd_c4KBeiQ/aura_prod.js (934)
[14108:19908:0113/160950.636:INFO:CONSOLE(0)] "A cookie associated with a cross-site resource at http://aacr--uat.lightning.force.com/ was set without the `SameSite` attribute. A future release of Chrome will only deliver cookies with cross-site requests if they are set with `SameSite=None` and `Secure`. You can review cookies in developer tools under Application>Storage>Cookies and see more details at https://www.chromestatus.com/feature/5088147346030592 and https://www.chromestatus.com/feature/5633521622188032.", source: https://aacr--uat.my.salesforce.com/secur/logout.jsp (0)
[14108:19908:0113/160950.636:INFO:CONSOLE(0)] "A cookie associated with a cross-site resource at https://uat-aacr.cs44.force.com/ was set without the `SameSite` attribute. A future release of Chrome will only deliver cookies with cross-site requests if they are set with `SameSite=None` and `Secure`. You can review cookies in developer tools under Application>Storage>Cookies and see more details at https://www.chromestatus.com/feature/5088147346030592 and https://www.chromestatus.com/feature/5633521622188032.", source: https://aacr--uat.my.salesforce.com/secur/logout.jsp (0)
[14108:19908:0113/160950.636:INFO:CONSOLE(0)] "A cookie associated with a cross-site resource at https://aacr--uat.lightning.force.com/ was set without the `SameSite` attribute. A future release of Chrome will only deliver cookies with cross-site requests if they are set with `SameSite=None` and `Secure`. You can review cookies in developer tools under Application>Storage>Cookies and see more details at https://www.chromestatus.com/feature/5088147346030592 and https://www.chromestatus.com/feature/5633521622188032.", source: https://aacr--uat.my.salesforce.com/secur/logout.jsp (0)
[14108:19908:0113/160950.636:INFO:CONSOLE(0)] "A cookie associated with a cross-site resource at http://force.com/ was set without the `SameSite` attribute. A future release of Chrome will only deliver cookies with cross-site requests if they are set with `SameSite=None` and `Secure`. You can review cookies in developer tools under Application>Storage>Cookies and see more details at https://www.chromestatus.com/feature/5088147346030592 and https://www.chromestatus.com/feature/5633521622188032.", source: https://aacr--uat.my.salesforce.com/secur/logout.jsp (0)
[14108:19908:0113/160950.637:INFO:CONSOLE(0)] "A cookie associated with a cross-site resource at http://uat-aacr.cs47.force.com/ was set without the `SameSite` attribute. A future release of Chrome will only deliver cookies with cross-site requests if they are set with `SameSite=None` and `Secure`. You can review cookies in developer tools under Application>Storage>Cookies and see more details at https://www.chromestatus.com/feature/5088147346030592 and https://www.chromestatus.com/feature/5633521622188032.", source: https://aacr--uat.my.salesforce.com/secur/logout.jsp (0)
[14108:19908:0113/160950.638:INFO:CONSOLE(0)] "A cookie associated with a cross-site resource at https://uat-aacr.cs47.force.com/ was set without the `SameSite` attribute. A future release of Chrome will only deliver cookies with cross-site requests if they are set with `SameSite=None` and `Secure`. You can review cookies in developer tools under Application>Storage>Cookies and see more details at https://www.chromestatus.com/feature/5088147346030592 and https://www.chromestatus.com/feature/5633521622188032.", source: https://aacr--uat.my.salesforce.com/secur/logout.jsp (0)
[14108:19908:0113/160950.978:INFO:CONSOLE(0)] "Slow network is detected. See https://www.chromestatus.com/feature/5636954674692096 for more details. Fallback font will be used while loading: https://aacr--uat.my.salesforce.com/login/assets/fonts/SalesforceSans/SalesforceSans-Regular.woff2", source: https://aacr--uat.my.salesforce.com/ (0)
[14108:19908:0113/160951.010:INFO:CONSOLE(0)] "Slow network is detected. See https://www.chromestatus.com/feature/5636954674692096 for more details. Fallback font will be used while loading: https://aacr--uat.my.salesforce.com/login/assets/fonts/SalesforceSans/SalesforceSans-Light.woff2", source: https://aacr--uat.my.salesforce.com/ (0)
[14108:19908:0113/160953.974:INFO:CONSOLE(917)] "Slow network is detected. See https://www.chromestatus.com/feature/5636954674692096 for more details. Fallback font will be used while loading: https://c1.sfdcstatic.com/etc/clientlibs/sfdc-aem-master/clientlibs_base/fonts/SalesforceSans-Regular.woff2", source: https://c1.sfdcstatic.com/etc.clientlibs/clientlibs/granite/jquery.min.772fb04d4ce536dfb06c17e789ad4dbd.js (917)
[14108:19908:0113/160954.047:INFO:CONSOLE(0)] "A cookie associated with a cross-site resource at http://krxd.net/ was set without the `SameSite` attribute. A future release of Chrome will only deliver cookies with cross-site requests if they are set with `SameSite=None` and `Secure`. You can review cookies in developer tools under Application>Storage>Cookies and see more details at https://www.chromestatus.com/feature/5088147346030592 and https://www.chromestatus.com/feature/5633521622188032.", source: https://aacr--uat.my.salesforce.com/ (0)
[14108:19908:0113/160954.318:INFO:CONSOLE(982)] "Tab Closed.  tabId: 2", source: chrome-extension://phpjcfplfejpaodinhlolbgibdabfkhe/BS.js (982)
[14108:19908:0113/160954.318:INFO:CONSOLE(1464)] "Tab Closed.  tabId: 2", source: chrome-extension://phpjcfplfejpaodinhlolbgibdabfkhe/BS.js (1464)
