[13688:18400:0210/110558.859:WARNING:chrome_command_line_pref_store.cc(114)] Additional command-line proxy switches specified when --no-proxy-server was also specified.
[13688:18400:0210/110558.874:WARNING:chrome_command_line_pref_store.cc(114)] Additional command-line proxy switches specified when --no-proxy-server was also specified.
[13688:18400:0210/110559.009:WARNING:chrome_command_line_pref_store.cc(114)] Additional command-line proxy switches specified when --no-proxy-server was also specified.
[13688:18400:0210/110559.731:INFO:CONSOLE(952)] "Got platform info.  os: win", source: chrome-extension://mjdlknphfnembfohjkfhjakbigkcblcp/BS.js (952)
[13688:18400:0210/110559.733:INFO:CONSOLE(974)] "Got first tab:  [object Object]", source: chrome-extension://mjdlknphfnembfohjkfhjakbigkcblcp/BS.js (974)
[13688:18400:0210/110559.733:INFO:CONSOLE(975)] "first tab url:  chrome://newtab/", source: chrome-extension://mjdlknphfnembfohjkfhjakbigkcblcp/BS.js (975)
[13688:18400:0210/110559.733:INFO:CONSOLE(976)] "Refreshing first tab ...", source: chrome-extension://mjdlknphfnembfohjkfhjakbigkcblcp/BS.js (976)
[13688:17120:0210/110603.663:WARNING:backend_impl.cc(1835)] Destroying invalid entry.
[13688:18400:0210/110603.784:INFO:CONSOLE(1563)] "INIT    === Start of processExistingTabs.  refresh: false", source: chrome-extension://mjdlknphfnembfohjkfhjakbigkcblcp/BS.js (1563)
[13688:18400:0210/110603.785:INFO:CONSOLE(1563)] "INIT    === Start of processExistingTabs.  refresh: true", source: chrome-extension://mjdlknphfnembfohjkfhjakbigkcblcp/BS.js (1563)
[13688:18400:0210/110603.798:INFO:CONSOLE(1565)] "INIT    === chrome.tabs.query result.  tabs.length: 1", source: chrome-extension://mjdlknphfnembfohjkfhjakbigkcblcp/BS.js (1565)
[13688:18400:0210/110603.799:INFO:CONSOLE(1571)] "INIT    === Got pre-exiting tab.  i:  0, tabId: 2, url: file:///C:/Users/LAURA~1.PER/AppData/Local/Temp/ProvarChromeIde6624358811190720223/provarPort=50600&idePort=50626&sessionId=3&subSessionId=3&connectionName=MyAACR_UAT:RegistrationPageConnection&devMode=false&showEnhancedXpathEditor=true&dmwAttempt=0&dmwCloseTimeInSec=2000.html, existingTab: undefined", source: chrome-extension://mjdlknphfnembfohjkfhjakbigkcblcp/BS.js (1571)
[13688:18400:0210/110603.800:INFO:CONSOLE(1579)] "INIT    === Created connectionDetails for new tab", source: chrome-extension://mjdlknphfnembfohjkfhjakbigkcblcp/BS.js (1579)
[13688:18400:0210/110603.801:INFO:CONSOLE(1583)] "INIT    === Set focused tab.  focusedTabId: 2", source: chrome-extension://mjdlknphfnembfohjkfhjakbigkcblcp/BS.js (1583)
[13688:18400:0210/110603.801:INFO:CONSOLE(1565)] "INIT    === chrome.tabs.query result.  tabs.length: 1", source: chrome-extension://mjdlknphfnembfohjkfhjakbigkcblcp/BS.js (1565)
[13688:18400:0210/110603.802:INFO:CONSOLE(1571)] "INIT    === Got pre-exiting tab.  i:  0, tabId: 2, url: file:///C:/Users/LAURA~1.PER/AppData/Local/Temp/ProvarChromeIde6624358811190720223/provarPort=50600&idePort=50626&sessionId=3&subSessionId=3&connectionName=MyAACR_UAT:RegistrationPageConnection&devMode=false&showEnhancedXpathEditor=true&dmwAttempt=0&dmwCloseTimeInSec=2000.html, existingTab: [object Object]", source: chrome-extension://mjdlknphfnembfohjkfhjakbigkcblcp/BS.js (1571)
[13688:18400:0210/110603.818:INFO:CONSOLE(1995)] "PROVAR CLIENT OPEN----->", source: chrome-extension://mjdlknphfnembfohjkfhjakbigkcblcp/BS.js (1995)
[13688:18400:0210/110603.819:INFO:CONSOLE(1126)] "Sending request to Provar to get strategies", source: chrome-extension://mjdlknphfnembfohjkfhjakbigkcblcp/BS.js (1126)
[13688:18400:0210/110603.954:INFO:CONSOLE(2044)] "dispatchMessage - resolving response:  [object Object]", source: chrome-extension://mjdlknphfnembfohjkfhjakbigkcblcp/BS.js (2044)
[13688:18400:0210/110604.119:INFO:CONSOLE(1740)] "IDE CLIENT OPEN----->", source: chrome-extension://mjdlknphfnembfohjkfhjakbigkcblcp/BS.js (1740)
[13688:18400:0210/110608.773:INFO:CONSOLE(1563)] "INIT    === Start of processExistingTabs.  refresh: true", source: chrome-extension://mjdlknphfnembfohjkfhjakbigkcblcp/BS.js (1563)
[13688:18400:0210/110608.774:INFO:CONSOLE(1565)] "INIT    === chrome.tabs.query result.  tabs.length: 1", source: chrome-extension://mjdlknphfnembfohjkfhjakbigkcblcp/BS.js (1565)
[13688:18400:0210/110608.774:INFO:CONSOLE(1571)] "INIT    === Got pre-exiting tab.  i:  0, tabId: 2, url: file:///C:/Users/LAURA~1.PER/AppData/Local/Temp/ProvarChromeIde6624358811190720223/provarPort=50600&idePort=50626&sessionId=3&subSessionId=3&connectionName=MyAACR_UAT:RegistrationPageConnection&devMode=false&showEnhancedXpathEditor=true&dmwAttempt=0&dmwCloseTimeInSec=2000.html, existingTab: [object Object]", source: chrome-extension://mjdlknphfnembfohjkfhjakbigkcblcp/BS.js (1571)
[13688:18400:0210/110611.448:INFO:CONSOLE(0)] "[DOM] Input elements should have autocomplete attributes (suggested: "current-password"): (More info: https://goo.gl/9p2vKq) %o", source: https://uat-aacr.cs47.force.com/dw_aacr_custom_login?site=a0d1I0000011T3OQAU (0)
[13688:18400:0210/110611.449:INFO:CONSOLE(0)] "[DOM] Input elements should have autocomplete attributes (suggested: "current-password"): (More info: https://goo.gl/9p2vKq) %o", source: https://uat-aacr.cs47.force.com/dw_aacr_custom_login?site=a0d1I0000011T3OQAU (0)
[13688:18400:0210/110614.302:INFO:CONSOLE(0)] "[DOM] Input elements should have autocomplete attributes (suggested: "current-password"): (More info: https://goo.gl/9p2vKq) %o", source: https://uat-aacr.cs47.force.com/dw_aacr_custom_login?site=a0d1I0000011T3OQAU (0)
[13688:18400:0210/110614.302:INFO:CONSOLE(0)] "[DOM] Input elements should have autocomplete attributes (suggested: "current-password"): (More info: https://goo.gl/9p2vKq) %o", source: https://uat-aacr.cs47.force.com/dw_aacr_custom_login?site=a0d1I0000011T3OQAU (0)
[13688:18400:0210/110627.076:INFO:CONSOLE(0)] "A cookie associated with a cross-site resource at http://salesforce.com/ was set without the `SameSite` attribute. A future release of Chrome will only deliver cookies with cross-site requests if they are set with `SameSite=None` and `Secure`. You can review cookies in developer tools under Application>Storage>Cookies and see more details at https://www.chromestatus.com/feature/5088147346030592 and https://www.chromestatus.com/feature/5633521622188032.", source: https://uat-aacr.cs47.force.com/secur/frontdoor.jsp?allp=1&apv=1&cshc=a000002pUcya000000DRYN&refURL=https%3A%2F%2Fuat-aacr.cs47.force.com%2Fsecur%2Ffrontdoor.jsp&retURL=%2F%3Fsite%3Da0d1I0000011T3OQAU&sid=00D2a000000DRYN%21AQgAQKYmU8.lXSGK2_.fJkYAHcEFIj_tkafRqo1_be63S0jG5ipnTwbCOAoHzdj6TtTccBS3sYs86tZ4.MX_UneIFSjHRWx9&untethered= (0)
[13688:18400:0210/110627.077:INFO:CONSOLE(0)] "A cookie associated with a cross-site resource at http://test.salesforce.com/ was set without the `SameSite` attribute. A future release of Chrome will only deliver cookies with cross-site requests if they are set with `SameSite=None` and `Secure`. You can review cookies in developer tools under Application>Storage>Cookies and see more details at https://www.chromestatus.com/feature/5088147346030592 and https://www.chromestatus.com/feature/5633521622188032.", source: https://uat-aacr.cs47.force.com/secur/frontdoor.jsp?allp=1&apv=1&cshc=a000002pUcya000000DRYN&refURL=https%3A%2F%2Fuat-aacr.cs47.force.com%2Fsecur%2Ffrontdoor.jsp&retURL=%2F%3Fsite%3Da0d1I0000011T3OQAU&sid=00D2a000000DRYN%21AQgAQKYmU8.lXSGK2_.fJkYAHcEFIj_tkafRqo1_be63S0jG5ipnTwbCOAoHzdj6TtTccBS3sYs86tZ4.MX_UneIFSjHRWx9&untethered= (0)
[13688:18400:0210/110631.130:INFO:CONSOLE(2)] "MEfbAJd0y7ALq5keBbnxWi4hBlE", source: https://uat-aacr.cs47.force.com/resource/1580849998000/CPBase__eventSearch/js/events/profileoverride.js (2)
[13688:18400:0210/110631.165:INFO:CONSOLE(0)] "[DOM] Input elements should have autocomplete attributes (suggested: "current-password"): (More info: https://goo.gl/9p2vKq) %o", source: https://uat-aacr.cs47.force.com/?site=a0d1I0000011T3OQAU (0)
[13688:18400:0210/110631.165:INFO:CONSOLE(0)] "[DOM] Input elements should have autocomplete attributes (suggested: "new-password"): (More info: https://goo.gl/9p2vKq) %o", source: https://uat-aacr.cs47.force.com/?site=a0d1I0000011T3OQAU (0)
[13688:18400:0210/110631.165:INFO:CONSOLE(0)] "[DOM] Input elements should have autocomplete attributes (suggested: "new-password"): (More info: https://goo.gl/9p2vKq) %o", source: https://uat-aacr.cs47.force.com/?site=a0d1I0000011T3OQAU (0)
[13688:18400:0210/110632.837:INFO:CONSOLE(11)] "myMembership doInit", source: https://uat-aacr.cs47.force.com/components/c/MyMembership.js (11)
[13688:18400:0210/110632.866:INFO:CONSOLE(508)] "TypeError: Cannot read property 'toLowerCase' of undefined", source: https://uat-aacr.cs47.force.com/components/Framework/InputFields.js (508)
[13688:18400:0210/110632.869:INFO:CONSOLE(508)] "TypeError: Cannot read property 'toLowerCase' of undefined", source: https://uat-aacr.cs47.force.com/components/Framework/InputFields.js (508)
[13688:18400:0210/110632.871:INFO:CONSOLE(508)] "TypeError: Cannot read property 'toLowerCase' of undefined", source: https://uat-aacr.cs47.force.com/components/Framework/InputFields.js (508)
[13688:18400:0210/110635.622:INFO:CONSOLE(934)] "Uncaught TypeError: t.getAttribute is not a function
throws at https://uat-aacr.cs47.force.com/resource/1580848737000/pagesapi__emerald_base_1_0/js/vendor.min.js:1:24054 TypeError: t.getAttribute is not a function", source: https://uat-aacr.cs47.force.com/auraFW/javascript/4MxVF4vXSceDK984kYS7Xg/aura_prod.js (934)
[13688:18400:0210/110636.905:INFO:CONSOLE(132)] "Uncaught Error: $Lightning.use() already invoked with application: c:AACRMembership", source: https://uat-aacr.cs47.force.com/lightning/lightning.out.delegate.js?v=4MxVF4vXSceDK984kYS7Xg (132)
[13688:18400:0210/110637.549:INFO:CONSOLE(11)] "init", source: https://uat-aacr.cs47.force.com/apex/components/c/MembershipCategories.js (11)
[13688:18400:0210/110637.645:INFO:CONSOLE(18)] "[object Object],[object Object],[object Object],[object Object]", source: https://uat-aacr.cs47.force.com/apex/components/c/MembershipCategories.js (18)
[13688:18400:0210/110637.889:INFO:CONSOLE(40)] "applying for membership", source: https://uat-aacr.cs47.force.com/apex/components/c/MembershipCategories.js (40)
[13688:18400:0210/110637.893:INFO:CONSOLE(44)] "itemId:  a131I0000013GiDQAU", source: https://uat-aacr.cs47.force.com/apex/components/c/MembershipCategories.js (44)
[13688:18400:0210/110642.253:INFO:CONSOLE(53)] "redirectURL: /apex/JP_Container?id=m0U1I000000L2oIUAS&salesOrder=a1F2a000000y7pHEAQ", source: https://uat-aacr.cs47.force.com/apex/components/c/MembershipCategories.js (53)
[13688:18400:0210/110643.659:INFO:CONSOLE(132)] "Uncaught Error: $Lightning.use() already invoked with application: c:aacrLtng", source: https://uat-aacr.cs47.force.com/lightning/lightning.out.delegate.js?v=4MxVF4vXSceDK984kYS7Xg (132)
[13688:18400:0210/110644.206:INFO:CONSOLE(11)] "progressBar doInit", source: https://uat-aacr.cs47.force.com/apex/components/c/JP_ProgressBar.js (11)
[13688:18400:0210/110644.858:INFO:CONSOLE(11)] "checking nav button visibility...", source: https://uat-aacr.cs47.force.com/apex/components/c/JP_NavButtons.js (11)
[13688:18400:0210/110644.861:INFO:CONSOLE(11)] "Handling navigate event from JP_Container", source: https://uat-aacr.cs47.force.com/apex/components/c/JP_Container.js (11)
[13688:18400:0210/110645.211:INFO:CONSOLE(11)] "initializing personalInfo... ", source: https://uat-aacr.cs47.force.com/apex/components/c/JP_PersonalInformation.js (11)
[13688:18400:0210/110648.289:INFO:CONSOLE(934)] "Uncaught TypeError: Cannot read property 'classList' of null
throws at https://uat-aacr.cs47.force.com/apex/JP_Container?id=m0U1I000000L2oIUAS&salesOrder=a1F2a000000y7pHEAQ:1425:21 TypeError: Cannot read property 'classList' of null", source: https://uat-aacr.cs47.force.com/auraFW/javascript/4MxVF4vXSceDK984kYS7Xg/aura_prod.js (934)
[13688:18400:0210/110648.714:INFO:CONSOLE(138)] "saving personal information...", source: https://uat-aacr.cs47.force.com/apex/components/c/JP_PersonalInformation.js (138)
[13688:18400:0210/110648.716:INFO:CONSOLE(293)] "validating personal information...", source: https://uat-aacr.cs47.force.com/apex/components/c/JP_PersonalInformation.js (293)
[13688:18400:0210/110648.735:INFO:CONSOLE(380)] "validating address...", source: https://uat-aacr.cs47.force.com/apex/components/c/JP_PersonalInformation.js (380)
[13688:18400:0210/110648.983:INFO:CONSOLE(934)] "Uncaught TypeError: Cannot read property 'classList' of null
throws at https://uat-aacr.cs47.force.com/apex/JP_Container?id=m0U1I000000L2oIUAS&salesOrder=a1F2a000000y7pHEAQ:1427:21 TypeError: Cannot read property 'classList' of null", source: https://uat-aacr.cs47.force.com/auraFW/javascript/4MxVF4vXSceDK984kYS7Xg/aura_prod.js (934)
[13688:18400:0210/110650.985:INFO:CONSOLE(11)] "Handling navigate event from JP_Container", source: https://uat-aacr.cs47.force.com/apex/components/c/JP_Container.js (11)
[13688:18400:0210/110650.992:INFO:CONSOLE(12)] "scientificInterest DoInit", source: https://uat-aacr.cs47.force.com/apex/components/c/JP_ScientificInterest.js (12)
[13688:18400:0210/110651.006:INFO:CONSOLE(11)] "checking nav button visibility...", source: https://uat-aacr.cs47.force.com/apex/components/c/JP_NavButtons.js (11)
[13688:18400:0210/110651.357:INFO:CONSOLE(934)] "Uncaught TypeError: Cannot read property 'classList' of null
throws at https://uat-aacr.cs47.force.com/apex/JP_Container?id=m0U1I000000L2oIUAS&salesOrder=a1F2a000000y7pHEAQ:1427:21 TypeError: Cannot read property 'classList' of null", source: https://uat-aacr.cs47.force.com/auraFW/javascript/4MxVF4vXSceDK984kYS7Xg/aura_prod.js (934)
[13688:18400:0210/110651.790:INFO:CONSOLE(934)] "Uncaught TypeError: Cannot read property 'classList' of null
throws at https://uat-aacr.cs47.force.com/apex/JP_Container?id=m0U1I000000L2oIUAS&salesOrder=a1F2a000000y7pHEAQ:1427:21 TypeError: Cannot read property 'classList' of null", source: https://uat-aacr.cs47.force.com/auraFW/javascript/4MxVF4vXSceDK984kYS7Xg/aura_prod.js (934)
[13688:18400:0210/110651.934:INFO:CONSOLE(57)] "scientific interest data saving", source: https://uat-aacr.cs47.force.com/apex/components/c/JP_ScientificInterest.js (57)
[13688:18400:0210/110651.934:INFO:CONSOLE(96)] "validating data", source: https://uat-aacr.cs47.force.com/apex/components/c/JP_ScientificInterest.js (96)
[13688:18400:0210/110651.935:INFO:CONSOLE(128)] "updating contact", source: https://uat-aacr.cs47.force.com/apex/components/c/JP_ScientificInterest.js (128)
[13688:18400:0210/110651.938:INFO:CONSOLE(145)] "saving contact", source: https://uat-aacr.cs47.force.com/apex/components/c/JP_ScientificInterest.js (145)
[13688:18400:0210/110651.939:INFO:CONSOLE(11)] "Handling navigate event from JP_Container", source: https://uat-aacr.cs47.force.com/apex/components/c/JP_Container.js (11)
[13688:18400:0210/110651.954:INFO:CONSOLE(11)] "checking nav button visibility...", source: https://uat-aacr.cs47.force.com/apex/components/c/JP_NavButtons.js (11)
[13688:18400:0210/110652.227:INFO:CONSOLE(934)] "Uncaught TypeError: Cannot read property 'classList' of null
throws at https://uat-aacr.cs47.force.com/apex/JP_Container?id=m0U1I000000L2oIUAS&salesOrder=a1F2a000000y7pHEAQ:1427:21 TypeError: Cannot read property 'classList' of null", source: https://uat-aacr.cs47.force.com/auraFW/javascript/4MxVF4vXSceDK984kYS7Xg/aura_prod.js (934)
[13688:18400:0210/110652.352:INFO:CONSOLE(11)] "Handling navigate event from JP_Container", source: https://uat-aacr.cs47.force.com/apex/components/c/JP_Container.js (11)
[13688:18400:0210/110652.363:INFO:CONSOLE(11)] "checking nav button visibility...", source: https://uat-aacr.cs47.force.com/apex/components/c/JP_NavButtons.js (11)
[13688:18400:0210/110652.618:INFO:CONSOLE(11)] "initializing nominator data...", source: https://uat-aacr.cs47.force.com/apex/components/c/JP_Nominators.js (11)
[13688:18400:0210/110652.624:INFO:CONSOLE(149)] "a1F2a000000y7pHEAQ", source: https://uat-aacr.cs47.force.com/apex/components/c/JP_RequiredDocumentation.js (149)
[13688:18400:0210/110652.878:INFO:CONSOLE(20)] "data:  [object Object]", source: https://uat-aacr.cs47.force.com/apex/components/c/JP_RequiredDocumentation.js (20)
[13688:18400:0210/110652.987:INFO:CONSOLE(85)] "success", source: https://uat-aacr.cs47.force.com/apex/components/c/JP_RequiredDocumentation.js (85)
[13688:18400:0210/110652.997:INFO:CONSOLE(85)] "success", source: https://uat-aacr.cs47.force.com/apex/components/c/JP_RequiredDocumentation.js (85)
[13688:18400:0210/110659.007:WARNING:oom_memory_details.cc(44)] Tab Discards Memory details (14 ms):
Tab [Apply |] 190 MB
GPU [] 108 MB
Browser 31 MB
Utility [Network Service] 23 MB
Extension [Provar Chrome Tooling v1.9.12.04] 19 MB

[13688:18400:0210/110702.644:INFO:CONSOLE(934)] "Uncaught TypeError: Cannot read property 'classList' of null
throws at https://uat-aacr.cs47.force.com/apex/JP_Container?id=m0U1I000000L2oIUAS&salesOrder=a1F2a000000y7pHEAQ:1427:21 TypeError: Cannot read property 'classList' of null", source: https://uat-aacr.cs47.force.com/auraFW/javascript/4MxVF4vXSceDK984kYS7Xg/aura_prod.js (934)
[13688:18400:0210/110703.555:INFO:CONSOLE(934)] "Uncaught TypeError: Cannot read property 'classList' of null
throws at https://uat-aacr.cs47.force.com/apex/JP_Container?id=m0U1I000000L2oIUAS&salesOrder=a1F2a000000y7pHEAQ:1427:21 TypeError: Cannot read property 'classList' of null", source: https://uat-aacr.cs47.force.com/auraFW/javascript/4MxVF4vXSceDK984kYS7Xg/aura_prod.js (934)
[13688:18400:0210/110703.728:INFO:CONSOLE(934)] "Uncaught TypeError: t.getAttribute is not a function
throws at https://uat-aacr.cs47.force.com/resource/1580848737000/pagesapi__emerald_base_1_0/js/vendor.min.js:1:24054 TypeError: t.getAttribute is not a function", source: https://uat-aacr.cs47.force.com/auraFW/javascript/4MxVF4vXSceDK984kYS7Xg/aura_prod.js (934)
[13688:18400:0210/110703.745:INFO:CONSOLE(17)] "file uploading to record:  0032a00000iq3R8AAI", source: https://uat-aacr.cs47.force.com/apex/components/c/JP_FileUpload.js (17)
[13688:18400:0210/110704.045:INFO:CONSOLE(934)] "Uncaught TypeError: t.getAttribute is not a function
throws at https://uat-aacr.cs47.force.com/resource/1580848737000/pagesapi__emerald_base_1_0/js/vendor.min.js:1:24054 TypeError: t.getAttribute is not a function", source: https://uat-aacr.cs47.force.com/auraFW/javascript/4MxVF4vXSceDK984kYS7Xg/aura_prod.js (934)
[13688:18400:0210/110704.049:INFO:CONSOLE(17)] "file uploading to record:  0032a00000iq3R8AAI", source: https://uat-aacr.cs47.force.com/apex/components/c/JP_FileUpload.js (17)
[13688:18400:0210/110704.238:INFO:CONSOLE(934)] "Uncaught TypeError: Cannot read property 'classList' of null
throws at https://uat-aacr.cs47.force.com/apex/JP_Container?id=m0U1I000000L2oIUAS&salesOrder=a1F2a000000y7pHEAQ:1427:21 TypeError: Cannot read property 'classList' of null", source: https://uat-aacr.cs47.force.com/auraFW/javascript/4MxVF4vXSceDK984kYS7Xg/aura_prod.js (934)
[13688:18400:0210/110704.389:INFO:CONSOLE(82)] "verifying nominator... {"memberNo":"1034469"}", source: https://uat-aacr.cs47.force.com/apex/components/c/JP_Nominators.js (82)
[13688:18400:0210/110704.719:INFO:CONSOLE(82)] "verifying nominator... {"memberNo":"1034468"}", source: https://uat-aacr.cs47.force.com/apex/components/c/JP_Nominators.js (82)
[13688:18400:0210/110729.999:INFO:CONSOLE(124)] "Saving nominator data...", source: https://uat-aacr.cs47.force.com/apex/components/c/JP_Nominators.js (124)
[13688:18400:0210/110731.714:INFO:CONSOLE(11)] "Handling navigate event from JP_Container", source: https://uat-aacr.cs47.force.com/apex/components/c/JP_Container.js (11)
[13688:18400:0210/110731.763:INFO:CONSOLE(11)] "checking nav button visibility...", source: https://uat-aacr.cs47.force.com/apex/components/c/JP_NavButtons.js (11)
[13688:18400:0210/110733.540:INFO:CONSOLE(934)] "Uncaught TypeError: Cannot read property 'classList' of null
throws at https://uat-aacr.cs47.force.com/apex/JP_Container?id=m0U1I000000L2oIUAS&salesOrder=a1F2a000000y7pHEAQ:1427:21 TypeError: Cannot read property 'classList' of null", source: https://uat-aacr.cs47.force.com/auraFW/javascript/4MxVF4vXSceDK984kYS7Xg/aura_prod.js (934)
[13688:18400:0210/110733.928:INFO:CONSOLE(11)] "handleUpdate", source: https://uat-aacr.cs47.force.com/apex/components/c/UpdateJournalAddressModal.js (11)
[13688:18400:0210/110741.454:INFO:CONSOLE(11)] "journalItem doInit: a132a00000287COAAY", source: https://uat-aacr.cs47.force.com/apex/components/c/JP_JournalItem.js (11)
[13688:18400:0210/110741.468:INFO:CONSOLE(11)] "journalItem doInit: undefined", source: https://uat-aacr.cs47.force.com/apex/components/c/JP_JournalItem.js (11)
[13688:18400:0210/110741.481:INFO:CONSOLE(11)] "journalItem doInit: null", source: https://uat-aacr.cs47.force.com/apex/components/c/JP_JournalItem.js (11)
[13688:18400:0210/110741.495:INFO:CONSOLE(11)] "journalItem doInit: undefined", source: https://uat-aacr.cs47.force.com/apex/components/c/JP_JournalItem.js (11)
[13688:18400:0210/110741.504:INFO:CONSOLE(11)] "journalItem doInit: undefined", source: https://uat-aacr.cs47.force.com/apex/components/c/JP_JournalItem.js (11)
[13688:18400:0210/110741.515:INFO:CONSOLE(11)] "journalItem doInit: undefined", source: https://uat-aacr.cs47.force.com/apex/components/c/JP_JournalItem.js (11)
[13688:18400:0210/110741.524:INFO:CONSOLE(11)] "journalItem doInit: undefined", source: https://uat-aacr.cs47.force.com/apex/components/c/JP_JournalItem.js (11)
[13688:18400:0210/110741.536:INFO:CONSOLE(11)] "journalItem doInit: undefined", source: https://uat-aacr.cs47.force.com/apex/components/c/JP_JournalItem.js (11)
[13688:18400:0210/110741.553:INFO:CONSOLE(11)] "journalItem doInit: undefined", source: https://uat-aacr.cs47.force.com/apex/components/c/JP_JournalItem.js (11)
[13688:18400:0210/110744.494:INFO:CONSOLE(934)] "Uncaught TypeError: t.getAttribute is not a function
throws at https://uat-aacr.cs47.force.com/resource/1580848737000/pagesapi__emerald_base_1_0/js/vendor.min.js:1:24054 TypeError: t.getAttribute is not a function", source: https://uat-aacr.cs47.force.com/auraFW/javascript/4MxVF4vXSceDK984kYS7Xg/aura_prod.js (934)
[13688:18400:0210/110744.496:INFO:CONSOLE(934)] "Uncaught TypeError: t.getAttribute is not a function
throws at https://uat-aacr.cs47.force.com/resource/1580848737000/pagesapi__emerald_base_1_0/js/vendor.min.js:1:24054 TypeError: t.getAttribute is not a function", source: https://uat-aacr.cs47.force.com/auraFW/javascript/4MxVF4vXSceDK984kYS7Xg/aura_prod.js (934)
[13688:18400:0210/110756.793:INFO:CONSOLE(934)] "Uncaught TypeError: t.getAttribute is not a function
throws at https://uat-aacr.cs47.force.com/resource/1580848737000/pagesapi__emerald_base_1_0/js/vendor.min.js:1:24054 TypeError: t.getAttribute is not a function", source: https://uat-aacr.cs47.force.com/auraFW/javascript/4MxVF4vXSceDK984kYS7Xg/aura_prod.js (934)
[13688:18400:0210/110756.799:INFO:CONSOLE(934)] "Uncaught TypeError: t.getAttribute is not a function
throws at https://uat-aacr.cs47.force.com/resource/1580848737000/pagesapi__emerald_base_1_0/js/vendor.min.js:1:24054 TypeError: t.getAttribute is not a function", source: https://uat-aacr.cs47.force.com/auraFW/javascript/4MxVF4vXSceDK984kYS7Xg/aura_prod.js (934)
[13688:18400:0210/110756.800:INFO:CONSOLE(934)] "Uncaught TypeError: t.getAttribute is not a function
throws at https://uat-aacr.cs47.force.com/resource/1580848737000/pagesapi__emerald_base_1_0/js/vendor.min.js:1:24054 TypeError: t.getAttribute is not a function", source: https://uat-aacr.cs47.force.com/auraFW/javascript/4MxVF4vXSceDK984kYS7Xg/aura_prod.js (934)
[13688:18400:0210/110802.053:INFO:CONSOLE(934)] "Uncaught TypeError: Cannot read property 'classList' of null
throws at https://uat-aacr.cs47.force.com/apex/JP_Container?id=m0U1I000000L2oIUAS&salesOrder=a1F2a000000y7pHEAQ:1427:21 TypeError: Cannot read property 'classList' of null", source: https://uat-aacr.cs47.force.com/auraFW/javascript/4MxVF4vXSceDK984kYS7Xg/aura_prod.js (934)
[13688:18400:0210/110802.195:INFO:CONSOLE(25)] "saving journal selections...", source: https://uat-aacr.cs47.force.com/apex/components/c/JP_JournalSelections.js (25)
[13688:18400:0210/110802.200:INFO:CONSOLE(46)] "copy primary to journal", source: https://uat-aacr.cs47.force.com/apex/components/c/UpdateJournalAddressModal.js (46)
[13688:18400:0210/110802.206:INFO:CONSOLE(74)] "saving record", source: https://uat-aacr.cs47.force.com/apex/components/c/UpdateJournalAddressModal.js (74)
[13688:18400:0210/110802.261:INFO:CONSOLE(934)] "Uncaught TypeError: Cannot read property 'classList' of null
throws at https://uat-aacr.cs47.force.com/apex/JP_Container?id=m0U1I000000L2oIUAS&salesOrder=a1F2a000000y7pHEAQ:1427:21 TypeError: Cannot read property 'classList' of null", source: https://uat-aacr.cs47.force.com/auraFW/javascript/4MxVF4vXSceDK984kYS7Xg/aura_prod.js (934)
[13688:18400:0210/110805.441:INFO:CONSOLE(161)] "saved successfully", source: https://uat-aacr.cs47.force.com/apex/components/c/UpdateJournalAddressModal.js (161)
[13688:18400:0210/110805.442:INFO:CONSOLE(11)] "Handling navigate event from JP_Container", source: https://uat-aacr.cs47.force.com/apex/components/c/JP_Container.js (11)
[13688:18400:0210/110805.457:INFO:CONSOLE(11)] "checking nav button visibility...", source: https://uat-aacr.cs47.force.com/apex/components/c/JP_NavButtons.js (11)
[13688:18400:0210/110805.787:INFO:CONSOLE(11)] "initializing working groups...", source: https://uat-aacr.cs47.force.com/apex/components/c/JP_WorkingGroupSelection.js (11)
[13688:18400:0210/110812.431:INFO:CONSOLE(934)] "Uncaught TypeError: Cannot read property 'classList' of null
throws at https://uat-aacr.cs47.force.com/apex/JP_Container?id=m0U1I000000L2oIUAS&salesOrder=a1F2a000000y7pHEAQ:1427:21 TypeError: Cannot read property 'classList' of null", source: https://uat-aacr.cs47.force.com/auraFW/javascript/4MxVF4vXSceDK984kYS7Xg/aura_prod.js (934)
[13688:18400:0210/110812.561:INFO:CONSOLE(15)] "saving working groups...", source: https://uat-aacr.cs47.force.com/apex/components/c/JP_WorkingGroupSelection.js (15)
[13688:18400:0210/110814.372:INFO:CONSOLE(11)] "Handling navigate event from JP_Container", source: https://uat-aacr.cs47.force.com/apex/components/c/JP_Container.js (11)
[13688:18400:0210/110814.378:INFO:CONSOLE(11)] "checking nav button visibility...", source: https://uat-aacr.cs47.force.com/apex/components/c/JP_NavButtons.js (11)
[13688:18400:0210/110817.869:INFO:CONSOLE(934)] "Uncaught TypeError: Cannot read property 'classList' of null
throws at https://uat-aacr.cs47.force.com/apex/JP_Container?id=m0U1I000000L2oIUAS&salesOrder=a1F2a000000y7pHEAQ:1427:21 TypeError: Cannot read property 'classList' of null", source: https://uat-aacr.cs47.force.com/auraFW/javascript/4MxVF4vXSceDK984kYS7Xg/aura_prod.js (934)
[13688:18400:0210/110819.714:INFO:CONSOLE(11)] "Handling navigate event from JP_Container", source: https://uat-aacr.cs47.force.com/apex/components/c/JP_Container.js (11)
[13688:18400:0210/110819.720:INFO:CONSOLE(11)] "checking nav button visibility...", source: https://uat-aacr.cs47.force.com/apex/components/c/JP_NavButtons.js (11)
[13688:18400:0210/110819.867:INFO:CONSOLE(132)] "a1F2a000000y7pHEAQ", source: https://uat-aacr.cs47.force.com/apex/components/c/JP_OptionalItemSelection.js (132)
[13688:18400:0210/110828.385:INFO:CONSOLE(132)] "a1F2a000000y7pHEAQ", source: https://uat-aacr.cs47.force.com/apex/components/c/JP_OptionalItemSelection.js (132)
[13688:18400:0210/110829.908:INFO:CONSOLE(89)] "response:  [object Object]", source: https://uat-aacr.cs47.force.com/apex/components/c/JP_OptionalItemSelection.js (89)
[13688:18400:0210/110829.909:INFO:CONSOLE(11)] "Handling navigate event from JP_Container", source: https://uat-aacr.cs47.force.com/apex/components/c/JP_Container.js (11)
[13688:18400:0210/110829.915:INFO:CONSOLE(11)] "checking nav button visibility...", source: https://uat-aacr.cs47.force.com/apex/components/c/JP_NavButtons.js (11)
[13688:18400:0210/110830.583:INFO:CONSOLE(11)] "Initializing checkout component", source: https://uat-aacr.cs47.force.com/apex/components/c/JP_CheckoutCart.js (11)
[13688:18400:0210/110830.780:INFO:CONSOLE(164)] "cartData redirectURL: /orderapi__checkout?salesorder=a1F2a000000y7pHEAQ", source: https://uat-aacr.cs47.force.com/apex/components/c/JP_CheckoutCart.js (164)
[13688:18400:0210/110908.773:INFO:CONSOLE(934)] "Uncaught TypeError: Cannot read property 'classList' of null
throws at https://uat-aacr.cs47.force.com/apex/JP_Container?id=m0U1I000000L2oIUAS&salesOrder=a1F2a000000y7pHEAQ:1427:21 TypeError: Cannot read property 'classList' of null", source: https://uat-aacr.cs47.force.com/auraFW/javascript/4MxVF4vXSceDK984kYS7Xg/aura_prod.js (934)
[13688:18400:0210/110908.943:INFO:CONSOLE(93)] "Processing payment...", source: https://uat-aacr.cs47.force.com/apex/components/c/JP_CheckoutCart.js (93)
[13688:18400:0210/110925.990:INFO:CONSOLE(0)] "A cookie associated with a cross-site resource at http://test.salesforce.com/ was set without the `SameSite` attribute. A future release of Chrome will only deliver cookies with cross-site requests if they are set with `SameSite=None` and `Secure`. You can review cookies in developer tools under Application>Storage>Cookies and see more details at https://www.chromestatus.com/feature/5088147346030592 and https://www.chromestatus.com/feature/5633521622188032.", source: https://uat-aacr.cs47.force.com//secur/logout.jsp?retUrl=https%3A%2F%2Fuat-aacr.cs47.force.com%2Forderapi__checkout%3Fsalesorder%3Da1F2a000000y7pHEAQ%26receipt%3Da1C2a000000euCVEAY%23 (0)
[13688:18400:0210/110925.990:INFO:CONSOLE(0)] "A cookie associated with a cross-site resource at http://salesforce.com/ was set without the `SameSite` attribute. A future release of Chrome will only deliver cookies with cross-site requests if they are set with `SameSite=None` and `Secure`. You can review cookies in developer tools under Application>Storage>Cookies and see more details at https://www.chromestatus.com/feature/5088147346030592 and https://www.chromestatus.com/feature/5633521622188032.", source: https://uat-aacr.cs47.force.com//secur/logout.jsp?retUrl=https%3A%2F%2Fuat-aacr.cs47.force.com%2Forderapi__checkout%3Fsalesorder%3Da1F2a000000y7pHEAQ%26receipt%3Da1C2a000000euCVEAY%23 (0)
[13688:18400:0210/110932.193:INFO:CONSOLE(0)] "The resource https://uat-aacr.cs47.force.com/l/%7B%22mode%22%3A%22PROD%22%2C%22app%22%3A%22OrderApi%3ACustomPaymentTypeApp%22%2C%22serializationVersion%22%3A%221-1.1.13-224.8-b%22%2C%22split%22%3A%22t%22%2C%22loaded%22%3A%7B%22APPLICATION%40markup%3A%2F%2FOrderApi%3ACustomPaymentTypeApp%22%3A%22Zeh5DjcMfOglXamqRxZdiw%22%7D%2C%22dns%22%3A%22c%22%2C%22ls%22%3A1%7D/app.js was preloaded using link preload but not used within a few seconds from the window's load event. Please make sure it has an appropriate `as` value and it is preloaded intentionally.", source:  (0)
[13688:18400:0210/110932.193:INFO:CONSOLE(0)] "The resource https://uat-aacr.cs47.force.com/l/%7B%22mode%22%3A%22PROD%22%2C%22app%22%3A%22OrderApi%3ACustomPaymentTypeApp%22%2C%22serializationVersion%22%3A%221-1.1.13-224.8-b%22%2C%22split%22%3A%22t%22%2C%22loaded%22%3A%7B%22APPLICATION%40markup%3A%2F%2FOrderApi%3ACustomPaymentTypeApp%22%3A%22Zeh5DjcMfOglXamqRxZdiw%22%7D%2C%22dns%22%3A%22c%22%2C%22ls%22%3A1%7D/appcore.js was preloaded using link preload but not used within a few seconds from the window's load event. Please make sure it has an appropriate `as` value and it is preloaded intentionally.", source:  (0)
[13688:18400:0210/111604.124:WARNING:oom_memory_details.cc(44)] Tab Discards Memory details (13 ms):
Tab [AACR eStore Checkout |] 115 MB
GPU [] 82 MB
Browser 32 MB
Utility [Network Service] 23 MB
Extension [Provar Chrome Tooling v1.9.12.04] 20 MB

[13688:18400:0210/111906.582:WARNING:pref_notifier_impl.cc(40)] Pref observer for media_router.cast_allow_all_ips found at shutdown.
[13688:18400:0210/111906.582:WARNING:pref_notifier_impl.cc(40)] Pref observer for browser.relaunch_notification_period found at shutdown.
